CONICS BUGFIX TEST - EXPECT 193M/S AS BEST Function evaluation completed.
3390109
Function evaluation completed.
 Function evaluation completed.
 Function evaluation completed.
 Function evaluation completed.
 Function evaluation completed.
 Function evaluation completed.
 Function evaluation completed.
 Function evaluation completed.
 Function evaluation completed.
 Function evaluation completed.
 Function evaluation completed.
 Function evaluation completed.
 Function evaluation completed.
 Function evaluation completed.
 Function evaluation completed.
 Function evaluation completed.
 Function evaluation completed.
 Function evaluation completed.
 Function evaluation completed.

    20 FUNCTION EVALUATIONS USED FOR SAMPLING
 Function evaluation completed.
 Function evaluation completed.
 Function evaluation completed.
 Function evaluation completed.
 Function evaluation completed.
 Function evaluation completed.
 Function evaluation completed.
 Function evaluation completed.
 Function evaluation completed.
 Function evaluation completed.
 Function evaluation completed.
 Function evaluation completed.
 Function evaluation completed.
 Function evaluation completed.
 Function evaluation completed.
 Function evaluation completed.
 Function evaluation completed.
 Function evaluation completed.
 Function evaluation completed.
 Function evaluation completed.
 Function evaluation completed.
 Function evaluation completed.
 Function evaluation completed.
 Function evaluation completed.
 Function evaluation completed.
 Function evaluation completed.
 Function evaluation completed.
 Function evaluation completed.
 Function evaluation completed.
 Function evaluation completed.
 Function evaluation completed.
 Function evaluation completed.
 Function evaluation completed.
 Function evaluation completed.
 Function evaluation completed.
 Function evaluation completed.
 Function evaluation completed.
 Function evaluation completed.
 Function evaluation completed.
 Function evaluation completed.
 Function evaluation completed.
 Function evaluation completed.
 Function evaluation completed.
 Function evaluation completed.
 Function evaluation completed.
 Function evaluation completed.
 Function evaluation completed.
 Function evaluation completed.
 Function evaluation completed.
 Function evaluation completed.
 Function evaluation completed.
 Function evaluation completed.
 Function evaluation completed.
 Function evaluation completed.
 Function evaluation completed.
 Function evaluation completed.
 Function evaluation completed.
 Function evaluation completed.
 Function evaluation completed.
 Function evaluation completed.
 Function evaluation completed.
 Function evaluation completed.
 Function evaluation completed.
 Function evaluation completed.
 Function evaluation completed.
 Function evaluation completed.
 *** THE LOCAL MINIMUM NO.  1: 0.24463812    , NFEV=   66
 0.24463812    
    0.90614223E+09 0.10611839E+09 
 SAMPLE POINT ADDED TO THE CLUSTER NO.  1
 0.27900435    
    0.90500259E+09 0.10658602E+09 
 Function evaluation completed.
 Function evaluation completed.
 Function evaluation completed.
 Function evaluation completed.
 Function evaluation completed.
 Function evaluation completed.
 Function evaluation completed.
 Function evaluation completed.
 Function evaluation completed.
 Function evaluation completed.
 Function evaluation completed.
 Function evaluation completed.
 Function evaluation completed.
 Function evaluation completed.
 Function evaluation completed.
 Function evaluation completed.
 Function evaluation completed.
 Function evaluation completed.
 Function evaluation completed.
 Function evaluation completed.

    20 FUNCTION EVALUATIONS USED FOR SAMPLING
 SAMPLE POINT ADDED TO THE CLUSTER NO.  1
 0.28345494    
    0.90715609E+09 0.10546122E+09 
 SAMPLE POINT ADDED TO THE CLUSTER NO.  1
 0.30803419    

